{
  "RSpec": {
    "coverage": {
      "/Users/BrynWilliams/Projects/week10/bank_tech/spec/balance_spec.rb": {
        "lines": [
          1,
          null,
          1,
          null,
          5,
          null,
          1,
          1,
          1,
          null,
          null,
          1,
          1,
          1,
          null,
          null,
          1,
          1,
          1,
          1,
          null,
          null,
          1,
          1,
          1,
          1,
          null,
          null,
          null
        ]
      },
      "/Users/BrynWilliams/Projects/week10/bank_tech/lib/balance.rb": {
        "lines": [
          1,
          1,
          null,
          1,
          null,
          1,
          null,
          1,
          1,
          5,
          5,
          5,
          null,
          null,
          1,
          4,
          4,
          null,
          null,
          1,
          3,
          3,
          null,
          null,
          1,
          0,
          null,
          null
        ]
      },
      "/Users/BrynWilliams/Projects/week10/bank_tech/lib/printer.rb": {
        "lines": [
          1,
          null,
          1,
          1,
          1,
          5,
          null,
          null,
          null,
          null
        ]
      },
      "/Users/BrynWilliams/Projects/week10/bank_tech/lib/transaction.rb": {
        "lines": [
          1,
          1,
          null,
          1,
          10,
          null,
          null
        ]
      },
      "/Users/BrynWilliams/Projects/week10/bank_tech/spec/printer_spec.rb": {
        "lines": [
          1,
          null,
          1,
          2,
          null,
          1,
          1,
          1,
          1,
          1,
          2,
          null,
          null,
          null
        ]
      },
      "/Users/BrynWilliams/Projects/week10/bank_tech/spec/transaction_spec.rb": {
        "lines": [
          1,
          null,
          1,
          4,
          null,
          1,
          1,
          1,
          null,
          1,
          1,
          null,
          1,
          1,
          null,
          null,
          null
        ]
      }
    },
    "timestamp": 1643813339
  }
}
