{
  "RSpec": {
    "coverage": {
      "/Users/BrynWilliams/Projects/week10/bank_tech/spec/balance_spec.rb": {
        "lines": [
          1,
          null,
          1,
          null,
          7,
          null,
          1,
          1,
          1,
          null,
          null,
          1,
          1,
          1,
          null,
          null,
          1,
          1,
          1,
          1,
          null,
          null,
          1,
          1,
          1,
          1,
          null,
          null,
          1,
          1,
          null,
          null,
          1,
          1,
          1,
          1,
          null,
          null,
          null
        ]
      },
      "/Users/BrynWilliams/Projects/week10/bank_tech/lib/balance.rb": {
        "lines": [
          1,
          null,
          1,
          null,
          1,
          1,
          6,
          6,
          null,
          null,
          1,
          0,
          0,
          0,
          0,
          0,
          null,
          null,
          null,
          1,
          5,
          5,
          5,
          null,
          null,
          1,
          4,
          4,
          4,
          null,
          null,
          null
        ]
      }
    },
    "timestamp": 1643715800
  }
}
